Configuring mysql-haskell-0.8.4.2...
Preprocessing library for mysql-haskell-0.8.4.2..
Building library for mysql-haskell-0.8.4.2..
[ 1 of 14] Compiling Database.MySQL.Protocol.Escape ( Database/MySQL/Protocol/Escape.hs, .stack-work/dist/x86_64-osx/Cabal-2.4.0.1/build/Database/MySQL/Protocol/Escape.o )
[ 2 of 14] Compiling Database.MySQL.Protocol.Packet ( Database/MySQL/Protocol/Packet.hs, .stack-work/dist/x86_64-osx/Cabal-2.4.0.1/build/Database/MySQL/Protocol/Packet.o )

[;1mDatabase/MySQL/Protocol/Packet.hs:18:1: [;1m[35mwarning:[0m[0m[;1m [[;1m[35m-Wunused-imports[0m[0m[;1m][0m[0m[;1m
    The import of ‘Control.Applicative’ is redundant
      except perhaps to import instances from ‘Control.Applicative’
    To import instances alone, use: import Control.Applicative()[0m[0m
[;1m[34m   |[0m[0m
[;1m[34m18 |[0m[0m [;1m[35mimport           Control.Applicative[0m[0m
[;1m[34m   |[0m[0m[;1m[35m ^^^^^^^^^^^^^^^^^^^^^^^^^^^^^^^^^^^^[0m[0m
[0m[0m[0m[ 3 of 14] Compiling Database.MySQL.Protocol.ColumnDef ( Database/MySQL/Protocol/ColumnDef.hs, .stack-work/dist/x86_64-osx/Cabal-2.4.0.1/build/Database/MySQL/Protocol/ColumnDef.o )

[;1mDatabase/MySQL/Protocol/ColumnDef.hs:19:1: [;1m[35mwarning:[0m[0m[;1m [[;1m[35m-Wunused-imports[0m[0m[;1m][0m[0m[;1m
    The import of ‘Control.Applicative’ is redundant
      except perhaps to import instances from ‘Control.Applicative’
    To import instances alone, use: import Control.Applicative()[0m[0m
[;1m[34m   |[0m[0m
[;1m[34m19 |[0m[0m [;1m[35mimport           Control.Applicative[0m[0m
[;1m[34m   |[0m[0m[;1m[35m ^^^^^^^^^^^^^^^^^^^^^^^^^^^^^^^^^^^^[0m[0m
[0m[0m[0m[ 4 of 14] Compiling Database.MySQL.Protocol.MySQLValue ( Database/MySQL/Protocol/MySQLValue.hs, .stack-work/dist/x86_64-osx/Cabal-2.4.0.1/build/Database/MySQL/Protocol/MySQLValue.o )

[;1mDatabase/MySQL/Protocol/MySQLValue.hs:37:1: [;1m[35mwarning:[0m[0m[;1m [[;1m[35m-Wunused-imports[0m[0m[;1m][0m[0m[;1m
    The import of ‘Control.Applicative’ is redundant
      except perhaps to import instances from ‘Control.Applicative’
    To import instances alone, use: import Control.Applicative()[0m[0m
[;1m[34m   |[0m[0m
[;1m[34m37 |[0m[0m [;1m[35mimport           Control.Applicative[0m[0m
[;1m[34m   |[0m[0m[;1m[35m ^^^^^^^^^^^^^^^^^^^^^^^^^^^^^^^^^^^^[0m[0m
[0m[0m[0m
[;1mDatabase/MySQL/Protocol/MySQLValue.hs:41:1: [;1m[35mwarning:[0m[0m[;1m [[;1m[35m-Wunused-imports[0m[0m[;1m][0m[0m[;1m
    The import of ‘Data.Binary.IEEE754’ is redundant
      except perhaps to import instances from ‘Data.Binary.IEEE754’
    To import instances alone, use: import Data.Binary.IEEE754()[0m[0m
[;1m[34m   |[0m[0m
[;1m[34m41 |[0m[0m [;1m[35mimport           Data.Binary.IEEE754[0m[0m
[;1m[34m   |[0m[0m[;1m[35m ^^^^^^^^^^^^^^^^^^^^^^^^^^^^^^^^^^^^[0m[0m
[0m[0m[0m[ 5 of 14] Compiling Database.MySQL.Protocol.Command ( Database/MySQL/Protocol/Command.hs, .stack-work/dist/x86_64-osx/Cabal-2.4.0.1/build/Database/MySQL/Protocol/Command.o )

[;1mDatabase/MySQL/Protocol/Command.hs:18:1: [;1m[35mwarning:[0m[0m[;1m [[;1m[35m-Wunused-imports[0m[0m[;1m][0m[0m[;1m
    The import of ‘Control.Applicative’ is redundant
      except perhaps to import instances from ‘Control.Applicative’
    To import instances alone, use: import Control.Applicative()[0m[0m
[;1m[34m   |[0m[0m
[;1m[34m18 |[0m[0m [;1m[35mimport           Control.Applicative[0m[0m
[;1m[34m   |[0m[0m[;1m[35m ^^^^^^^^^^^^^^^^^^^^^^^^^^^^^^^^^^^^[0m[0m
[0m[0m[0m[ 6 of 14] Compiling Database.MySQL.BinLogProtocol.BinLogMeta ( Database/MySQL/BinLogProtocol/BinLogMeta.hs, .stack-work/dist/x86_64-osx/Cabal-2.4.0.1/build/Database/MySQL/BinLogProtocol/BinLogMeta.o )

[;1mDatabase/MySQL/BinLogProtocol/BinLogMeta.hs:31:1: [;1m[35mwarning:[0m[0m[;1m [[;1m[35m-Wunused-imports[0m[0m[;1m][0m[0m[;1m
    The import of ‘Control.Applicative’ is redundant
      except perhaps to import instances from ‘Control.Applicative’
    To import instances alone, use: import Control.Applicative()[0m[0m
[;1m[34m   |[0m[0m
[;1m[34m31 |[0m[0m [;1m[35mimport           Control.Applicative[0m[0m
[;1m[34m   |[0m[0m[;1m[35m ^^^^^^^^^^^^^^^^^^^^^^^^^^^^^^^^^^^^[0m[0m
[0m[0m[0m[ 7 of 14] Compiling Database.MySQL.Protocol.Auth ( Database/MySQL/Protocol/Auth.hs, .stack-work/dist/x86_64-osx/Cabal-2.4.0.1/build/Database/MySQL/Protocol/Auth.o )

[;1mDatabase/MySQL/Protocol/Auth.hs:19:1: [;1m[35mwarning:[0m[0m[;1m [[;1m[35m-Wunused-imports[0m[0m[;1m][0m[0m[;1m
    The import of ‘Control.Applicative’ is redundant
      except perhaps to import instances from ‘Control.Applicative’
    To import instances alone, use: import Control.Applicative()[0m[0m
[;1m[34m   |[0m[0m
[;1m[34m19 |[0m[0m [;1m[35mimport           Control.Applicative[0m[0m
[;1m[34m   |[0m[0m[;1m[35m ^^^^^^^^^^^^^^^^^^^^^^^^^^^^^^^^^^^^[0m[0m
[0m[0m[0m
[;1mDatabase/MySQL/Protocol/Auth.hs:100:5: [;1m[35mwarning:[0m[0m[;1m [[;1m[35m-Wunused-matches[0m[0m[;1m][0m[0m[;1m
    Defined but not used: ‘authPluginLen’[0m[0m
[;1m[34m    |[0m[0m
[;1m[34m100 |[0m[0m     [;1m[35mauthPluginLen[0m[0m <- getWord8   -- this will issue an unused warning, see the notes below
[;1m[34m    |[0m[0m[;1m[35m     ^^^^^^^^^^^^^[0m[0m
[0m[0m[0m[ 8 of 14] Compiling Database.MySQL.Connection ( Database/MySQL/Connection.hs, .stack-work/dist/x86_64-osx/Cabal-2.4.0.1/build/Database/MySQL/Connection.o )

[;1mDatabase/MySQL/Connection.hs:16:1: [;1m[35mwarning:[0m[0m[;1m [[;1m[35m-Wunused-imports[0m[0m[;1m][0m[0m[;1m
    The import of ‘Control.Applicative’ is redundant
      except perhaps to import instances from ‘Control.Applicative’
    To import instances alone, use: import Control.Applicative()[0m[0m
[;1m[34m   |[0m[0m
[;1m[34m16 |[0m[0m [;1m[35mimport           Control.Applicative[0m[0m
[;1m[34m   |[0m[0m[;1m[35m ^^^^^^^^^^^^^^^^^^^^^^^^^^^^^^^^^^^^[0m[0m
[0m[0m[0m[ 9 of 14] Compiling Database.MySQL.BinLogProtocol.BinLogValue ( Database/MySQL/BinLogProtocol/BinLogValue.hs, .stack-work/dist/x86_64-osx/Cabal-2.4.0.1/build/Database/MySQL/BinLogProtocol/BinLogValue.o )

[;1mDatabase/MySQL/BinLogProtocol/BinLogValue.hs:16:1: [;1m[35mwarning:[0m[0m[;1m [[;1m[35m-Wunused-imports[0m[0m[;1m][0m[0m[;1m
    The import of ‘Control.Applicative’ is redundant
      except perhaps to import instances from ‘Control.Applicative’
    To import instances alone, use: import Control.Applicative()[0m[0m
[;1m[34m   |[0m[0m
[;1m[34m16 |[0m[0m [;1m[35mimport           Control.Applicative[0m[0m
[;1m[34m   |[0m[0m[;1m[35m ^^^^^^^^^^^^^^^^^^^^^^^^^^^^^^^^^^^^[0m[0m
[0m[0m[0m
[;1mDatabase/MySQL/BinLogProtocol/BinLogValue.hs:18:1: [;1m[35mwarning:[0m[0m[;1m [[;1m[35m-Wunused-imports[0m[0m[;1m][0m[0m[;1m
    The import of ‘Data.Binary.IEEE754’ is redundant
      except perhaps to import instances from ‘Data.Binary.IEEE754’
    To import instances alone, use: import Data.Binary.IEEE754()[0m[0m
[;1m[34m   |[0m[0m
[;1m[34m18 |[0m[0m [;1m[35mimport           Data.Binary.IEEE754[0m[0m
[;1m[34m   |[0m[0m[;1m[35m ^^^^^^^^^^^^^^^^^^^^^^^^^^^^^^^^^^^^[0m[0m
[0m[0m[0m[10 of 14] Compiling Database.MySQL.Query ( Database/MySQL/Query.hs, .stack-work/dist/x86_64-osx/Cabal-2.4.0.1/build/Database/MySQL/Query.o )
[11 of 14] Compiling Database.MySQL.BinLogProtocol.BinLogEvent ( Database/MySQL/BinLogProtocol/BinLogEvent.hs, .stack-work/dist/x86_64-osx/Cabal-2.4.0.1/build/Database/MySQL/BinLogProtocol/BinLogEvent.o )

[;1mDatabase/MySQL/BinLogProtocol/BinLogEvent.hs:17:1: [;1m[35mwarning:[0m[0m[;1m [[;1m[35m-Wunused-imports[0m[0m[;1m][0m[0m[;1m
    The import of ‘Control.Applicative’ is redundant
      except perhaps to import instances from ‘Control.Applicative’
    To import instances alone, use: import Control.Applicative()[0m[0m
[;1m[34m   |[0m[0m
[;1m[34m17 |[0m[0m [;1m[35mimport           Control.Applicative[0m[0m
[;1m[34m   |[0m[0m[;1m[35m ^^^^^^^^^^^^^^^^^^^^^^^^^^^^^^^^^^^^[0m[0m
[0m[0m[0m[12 of 14] Compiling Database.MySQL.Base ( Database/MySQL/Base.hs, .stack-work/dist/x86_64-osx/Cabal-2.4.0.1/build/Database/MySQL/Base.o )

[;1mDatabase/MySQL/Base.hs:77:1: [;1m[35mwarning:[0m[0m[;1m [[;1m[35m-Wunused-imports[0m[0m[;1m][0m[0m[;1m
    The import of ‘Control.Applicative’ is redundant
      except perhaps to import instances from ‘Control.Applicative’
    To import instances alone, use: import Control.Applicative()[0m[0m
[;1m[34m   |[0m[0m
[;1m[34m77 |[0m[0m [;1m[35mimport           Control.Applicative[0m[0m
[;1m[34m   |[0m[0m[;1m[35m ^^^^^^^^^^^^^^^^^^^^^^^^^^^^^^^^^^^^[0m[0m
[0m[0m[0m[13 of 14] Compiling Database.MySQL.BinLog ( Database/MySQL/BinLog.hs, .stack-work/dist/x86_64-osx/Cabal-2.4.0.1/build/Database/MySQL/BinLog.o )

[;1mDatabase/MySQL/BinLog.hs:31:1: [;1m[35mwarning:[0m[0m[;1m [[;1m[35m-Wunused-imports[0m[0m[;1m][0m[0m[;1m
    The import of ‘Control.Applicative’ is redundant
      except perhaps to import instances from ‘Control.Applicative’
    To import instances alone, use: import Control.Applicative()[0m[0m
[;1m[34m   |[0m[0m
[;1m[34m31 |[0m[0m [;1m[35mimport           Control.Applicative[0m[0m
[;1m[34m   |[0m[0m[;1m[35m ^^^^^^^^^^^^^^^^^^^^^^^^^^^^^^^^^^^^[0m[0m
[0m[0m[0m
[;1mDatabase/MySQL/BinLog.hs:122:13: [;1m[35mwarning:[0m[0m[;1m [[;1m[35m-Wincomplete-patterns[0m[0m[;1m][0m[0m[;1m
    Pattern match(es) are non-exhaustive
    In a multi-way if alternative:
        Guards do not cover entire pattern space[0m[0m
[;1m[34m    |[0m[0m
[;1m[34m122 |[0m[0m         if  [;1m[35m| isOK p -> Just <$> getFromPacket (getBinLogPacket checksum needAck) p[0m[0m
[;1m[34m    |[0m[0m[;1m[35m             ^^^^^^^^^^^^^^^^^^^^^^^^^^^^^^^^^^^^^^^^^^^^^^^^^^^^^^^^^^^^^^^^^^^^^^^...[0m[0m
[0m[0m[0m[14 of 14] Compiling Database.MySQL.TLS ( Database/MySQL/TLS.hs, .stack-work/dist/x86_64-osx/Cabal-2.4.0.1/build/Database/MySQL/TLS.o )
Installing library in /Users/yaroslavsavchuk/.stack/snapshots/x86_64-osx/lts-13.8/8.6.3/lib/x86_64-osx-ghc-8.6.3/mysql-haskell-0.8.4.2-G2dATcPBMMg3WRd42b9DsD
Registering library for mysql-haskell-0.8.4.2..
